1. x11 x12 x13 {}
2. x21 x22 x23 {}
3. x31 x32 x33 {}
4. x14 x24 x34 x44 x54 x64 {}
5. ~x14 x24 x34 x44 x54 x64 {}
6. x14 ~x24 x34 x44 x54 x64 {}
7. x14 x24 ~x34 x44 x54 x64 {}
8. x14 x24 x34 ~x44 x54 x64 {}
9. x14 x24 x34 x44 ~x54 x64 {}
10. x14 x24 x34 x44 x54 ~x64 {}
11. x44 {}
12. x55 {}
13. x66 {}
14. ~x11 ~x12 {}
15. ~x12 ~x13 {}
16. ~x11 ~x13 {}
17. ~x21 ~x22 {}
18. ~x22 ~x23 {}
19. ~x21 ~x23 {}
20. ~x31 ~x32 {}
21. ~x31 ~x33 {}
22. ~x32 ~x33 {}
23. ~x11 ~x21 {}
24. ~x11 ~x31 {}
25. ~x21 ~x31 {}
26. ~x12 ~x22 {}
27. ~x12 ~x32 {}
28. ~x22 ~x32 {}
29. ~x13 ~x23 {}
30. ~x13 ~x33 {}
31. ~x23 ~x33 {}
32. x11 {}
33. x22 {}
34. x33 {}
35. x44 {}
36. x55 {}
37. x66 {}
38. x12 x13 {32, 1}
39. ~x12 {32, 14}
40. ~x13 {32, 16}
41. ~x21 {32, 23}
42. ~x31 {32, 24}
43. x23 x21 {33, 2}
44. ~x23 {33, 18}
45. ~x32 {33, 28}
46. x32 x31 {34, 3}
47. x34 x64 x54 x24 x14 {35, 4}
48. ~x14 x34 x64 x54 x24 {35, 5}
49. x34 x64 ~x24 x54 x14 {35, 6}
50. x64 x54 x24 x14 ~x34 {35, 7}
51. x34 x64 x24 ~x54 x14 {35, 9}
52. ~x64 x34 x54 x24 x14 {35, 10}
53. Contradiction {35, 11}
Valid
