1. ~NoLeakH1 ~NoLeakH2 NoLeak ~LowTemp ReactorUnitSafe V1 V2 okH1 okH2 l {}
2. ~NoLeak ~LowTemp ReactorUnitSafe {}
3. ~NoLeakH1 ~NoLeakH2 NoLeak {}
4. ~okH1 NoLeakH1 {}
5. okH1 V1 NoLeakH1 {}
6. ~okH2 NoLeakH2 {}
7. okH2 V2 NoLeakH2 {}
8. ~l ~V1 ~V2 LowTemp {}
9. l ~V1 LowTemp {}
10. l ~V2 LowTemp {}
11. ~l {}
12. ~okH2 {}
13. okH1 {}
14. V1 {}
15. ~V2 {}
16. ReactorUnitSafe {}
17. okH1 okH2 NoLeak ~NoLeakH1 ~NoLeakH2 l V1 V2 ~LowTemp {16, 1}
18. ~LowTemp ~NoLeak {16, 2}
19. okH1 okH2 NoLeak ~NoLeakH1 ~NoLeakH2 V1 V2 ~LowTemp {17, 11}
20. okH1 NoLeak ~NoLeakH1 ~NoLeakH2 l V1 V2 ~LowTemp {17, 12}
21. okH2 NoLeak ~NoLeakH1 ~NoLeakH2 l V1 V2 ~LowTemp {17, 13}
22. okH1 okH2 NoLeak ~NoLeakH1 ~NoLeakH2 l V2 ~LowTemp {17, 14}
23. okH1 okH2 NoLeak ~NoLeakH1 ~NoLeakH2 l V1 ~LowTemp {17, 15}
24. ~V2 ~V1 ~NoLeak ~l {18, 8}
25. l ~NoLeak ~V1 {18, 9}
26. ~V2 l ~NoLeak {18, 10}
27. okH1 NoLeak ~NoLeakH1 ~NoLeakH2 V1 V2 ~LowTemp {19, 12}
28. okH2 NoLeak ~NoLeakH1 ~NoLeakH2 V1 V2 ~LowTemp {19, 13}
29. okH1 okH2 NoLeak ~NoLeakH1 ~NoLeakH2 V2 ~LowTemp {19, 14}
30. okH1 okH2 NoLeak ~NoLeakH1 ~NoLeakH2 V1 ~LowTemp {19, 15}
31. NoLeak ~NoLeakH1 ~NoLeakH2 l V1 V2 ~LowTemp {20, 13}
32. okH1 NoLeak ~NoLeakH1 ~NoLeakH2 l V2 ~LowTemp {20, 14}
33. okH1 NoLeak ~NoLeakH1 ~NoLeakH2 l V1 ~LowTemp {20, 15}
34. okH2 NoLeak ~NoLeakH1 ~NoLeakH2 l V2 ~LowTemp {21, 14}
35. okH2 NoLeak ~NoLeakH1 ~NoLeakH2 l V1 ~LowTemp {21, 15}
36. okH1 okH2 NoLeak ~NoLeakH1 ~NoLeakH2 l ~LowTemp {22, 15}
37. ~V1 ~V2 ~l ReactorUnitSafe ~LowTemp {24, 2}
38. okH1 ~V2 ~l ~NoLeak NoLeakH1 {24, 5}
39. ~V1 okH2 ~l NoLeakH2 ~NoLeak {24, 7}
40. ~V2 ~V1 ~NoLeak {24, 11}
41. ~V2 ~NoLeak ~l {24, 14}
42. ~V1 ~NoLeak ~l {24, 15}
43. ~V2 ~V1 ~LowTemp ~l {24, 18}
44. ~LowTemp ~V1 l ReactorUnitSafe {25, 2}
45. l okH1 ~NoLeak NoLeakH1 {25, 5}
46. ~NoLeak LowTemp {25, 9}
47. ~V2 ~V1 ~NoLeak LowTemp {25, 10}
48. ~V1 ~NoLeak {25, 11}
49. l ~NoLeak {25, 14}
50. ~LowTemp ~V1 l {25, 18}
51. ~V2 l ~LowTemp ReactorUnitSafe {26, 2}
52. okH2 NoLeakH2 l ~NoLeak {26, 7}
53. ~V2 ~NoLeak {26, 11}
54. ~V2 l ~LowTemp {26, 18}
55. ~V2 ~V1 {26, 25}
56. NoLeak ~NoLeakH1 ~NoLeakH2 V1 V2 ~LowTemp {27, 13}
57. okH1 NoLeak ~NoLeakH1 ~NoLeakH2 V2 ~LowTemp {27, 14}
58. okH1 NoLeak ~NoLeakH1 ~NoLeakH2 V1 ~LowTemp {27, 15}
59. okH2 NoLeak ~NoLeakH1 ~NoLeakH2 V2 ~LowTemp {28, 14}
60. okH2 NoLeak ~NoLeakH1 ~NoLeakH2 V1 ~LowTemp {28, 15}
61. ~V1 okH1 okH2 NoLeak ~NoLeakH1 ~NoLeakH2 l V2 {29, 9}
62. okH1 okH2 NoLeak ~NoLeakH1 ~NoLeakH2 ~LowTemp {29, 15}
63. okH1 okH2 ~V2 NoLeak ~NoLeakH1 ~NoLeakH2 l V1 {30, 10}
64. NoLeak ~NoLeakH1 ~NoLeakH2 l V2 ~LowTemp {31, 14}
65. NoLeak ~NoLeakH1 ~NoLeakH2 l V1 ~LowTemp {31, 15}
66. okH1 NoLeak ~NoLeakH1 ~NoLeakH2 l ~LowTemp {32, 15}
67. okH2 NoLeak ~NoLeakH1 ~NoLeakH2 l ~LowTemp {34, 15}
68. okH1 ~V2 ~l ReactorUnitSafe ~LowTemp NoLeakH1 {37, 5}
69. ~V1 okH2 ~l ReactorUnitSafe NoLeakH2 ~LowTemp {37, 7}
70. ~V2 ~V1 ~LowTemp ReactorUnitSafe {37, 11}
71. ~V2 ~LowTemp ~l ReactorUnitSafe {37, 14}
72. ReactorUnitSafe ~V1 ~LowTemp ~l {37, 15}
73. ~V1 ~V2 ~l ReactorUnitSafe ~NoLeak {37, 18}
74. ~V2 ~NoLeak V1 ~l {38, 5}
75. okH1 okH2 ~l NoLeakH2 ~NoLeak NoLeakH1 {38, 7}
76. ~V1 okH1 LowTemp ~NoLeak NoLeakH1 {38, 8}
77. ~V1 okH1 LowTemp ~V2 ~NoLeak NoLeakH1 {38, 9}
78. ~V2 ~NoLeak okH1 NoLeakH1 {38, 11}
79. ~V2 ~NoLeak NoLeakH1 ~l {38, 13}
80. NoLeakH1 ~NoLeak okH1 ~l {38, 15}
81. okH1 ~V2 ~l ~LowTemp NoLeakH1 {38, 18}
82. ~V1 okH1 ReactorUnitSafe ~LowTemp ~NoLeak NoLeakH1 {38, 37}
83. ~V1 ~NoLeak ~l V2 {39, 7}
84. LowTemp okH2 ~V2 NoLeakH2 ~NoLeak {39, 8}
85. ~V1 LowTemp okH2 ~V2 NoLeakH2 ~NoLeak {39, 10}
86. okH2 ~V1 ~NoLeak NoLeakH2 {39, 11}
87. ~V1 ~NoLeak NoLeakH2 ~l {39, 12}
88. okH2 NoLeakH2 ~NoLeak ~l {39, 14}
89. ~V1 okH2 ~l NoLeakH2 ~LowTemp {39, 18}
90. okH2 ~V2 ReactorUnitSafe NoLeakH2 ~LowTemp ~NoLeak {39, 37}
91. ~V1 okH1 okH2 ~V2 NoLeakH2 NoLeakH1 {39, 38}
92. ~NoLeak ~l LowTemp {40, 8}
93. ~V2 l ~NoLeak LowTemp {40, 9}
94. ~V1 ~NoLeak l LowTemp {40, 10}
95. ~V2 ~V1 ~LowTemp {40, 18}
96. ~V2 l {40, 25}
97. ~V1 l {40, 26}
98. ReactorUnitSafe ~NoLeak ~LowTemp ~l {40, 37}
99. NoLeakH1 ~V1 okH1 ~l {40, 38}
100. ~V2 NoLeakH2 okH2 ~l {40, 39}
101. ~V1 ~NoLeak LowTemp {41, 8}
102. ~NoLeak ~l {41, 15}
103. ~V2 ~LowTemp ~l {41, 18}
104. ReactorUnitSafe ~V1 ~NoLeak ~LowTemp {41, 37}
105. ~V2 ~V1 okH2 NoLeakH2 {41, 39}
106. ~V1 ~l {41, 40}
107. ~V2 ~NoLeak LowTemp {42, 8}
108. ~LowTemp ~V1 ~l {42, 18}
109. ~V2 ~NoLeak ~LowTemp ReactorUnitSafe {42, 37}
110. ~V2 ~V1 okH1 NoLeakH1 {42, 38}
111. ~V2 ~l {42, 40}
112. ~V1 okH1 ~LowTemp ~NoLeak NoLeakH1 {43, 38}
113. ~V2 okH2 NoLeakH2 ~LowTemp ~NoLeak {43, 39}
114. ~LowTemp ~NoLeak ~l {43, 40}
115. ~LowTemp ~V1 ~NoLeak {43, 41}
116. ~V2 ~NoLeak ~LowTemp {43, 42}
117. okH1 ReactorUnitSafe l ~LowTemp NoLeakH1 {44, 5}
118. ~LowTemp ~V1 ReactorUnitSafe {44, 11}
119. ~LowTemp l ReactorUnitSafe {44, 14}
120. ReactorUnitSafe ~V1 l ~NoLeak {44, 18}
121. ~V1 okH1 okH2 NoLeak ReactorUnitSafe ~NoLeakH1 ~NoLeakH2 V2 {44, 22}
122. ~V1 ~V2 ReactorUnitSafe ~LowTemp ~NoLeak {44, 26}
123. ~V1 okH1 okH2 NoLeak ReactorUnitSafe ~NoLeakH1 l ~NoLeakH2 V2 {44, 29}
124. ~V1 okH1 NoLeak ReactorUnitSafe ~NoLeakH1 ~NoLeakH2 V2 {44, 32}
125. ~V1 okH2 NoLeak ReactorUnitSafe ~NoLeakH1 ~NoLeakH2 V2 {44, 34}
126. ~V1 okH1 okH2 NoLeak ReactorUnitSafe ~NoLeakH1 ~NoLeakH2 {44, 36}
127. ~V1 okH1 ~V2 ReactorUnitSafe ~LowTemp ~NoLeak NoLeakH1 {44, 38}
128. ~V2 ReactorUnitSafe l ~LowTemp ~NoLeak {44, 40}
129. l V1 ~NoLeak {45, 5}
130. okH1 LowTemp ~V2 ~NoLeak NoLeakH1 {45, 10}
131. ~NoLeak okH1 NoLeakH1 {45, 11}
132. l ~NoLeak NoLeakH1 {45, 13}
133. ~LowTemp l okH1 NoLeakH1 {45, 18}
134. ~V1 okH1 NoLeakH1 {45, 25}
135. ~V2 okH1 NoLeakH1 {45, 26}
136. ~V1 okH1 ~V2 l NoLeakH1 {45, 40}
137. ~V1 okH1 ~V2 ~LowTemp ~NoLeak NoLeakH1 {45, 43}
138. okH1 LowTemp ~V2 ~l NoLeakH1 {46, 38}
139. ~V1 LowTemp okH2 ~l NoLeakH2 {46, 39}
140. ~V2 ~V1 LowTemp {46, 40}
141. ~V2 ~l LowTemp {46, 41}
142. ~V1 ~l LowTemp {46, 42}
143. NoLeakH1 l okH1 LowTemp {46, 45}
144. ~V1 LowTemp okH2 NoLeakH2 ~NoLeak {47, 7}
145. ~V1 okH1 LowTemp ~l NoLeakH1 {47, 38}
146. LowTemp ~V2 okH2 ~l NoLeakH2 {47, 39}
147. ~V1 okH1 LowTemp ~V2 l NoLeakH1 {47, 45}
148. ~V2 ~NoLeak ~l LowTemp {48, 8}
149. l ~NoLeak LowTemp {48, 9}
150. ~NoLeak {48, 14}
151. ~LowTemp ~V1 {48, 18}
152. l {48, 25}
153. ~V2 ~V1 l {48, 26}
154. ~V2 ~l ReactorUnitSafe ~LowTemp ~NoLeak {48, 37}
155. ~V1 okH1 ~V2 ~l NoLeakH1 {48, 38}
156. okH2 NoLeakH2 ~l {48, 39}
157. ~V2 ~V1 ~l {48, 41}
158. ~V2 ~NoLeak ~LowTemp ~l {48, 43}
159. ~LowTemp l ~NoLeak ReactorUnitSafe {48, 44}
160. ~V1 l okH1 NoLeakH1 {48, 45}
161. ~V1 LowTemp {48, 46}
162. ~V2 LowTemp {48, 47}
163. ~LowTemp l {49, 18}
164. ~V1 {49, 25}
165. ~V2 ~V1 ~NoLeak ~LowTemp {49, 43}
166. okH1 NoLeakH1 {49, 45}
167. l LowTemp {49, 46}
168. ~V2 ~V1 l LowTemp {49, 47}
169. ~V1 okH1 okH2 NoLeak ~NoLeakH1 ~NoLeakH2 V2 {50, 22}
170. ~V1 okH1 NoLeak ~NoLeakH1 ~NoLeakH2 V2 {50, 32}
171. ~V1 okH2 NoLeak ~NoLeakH1 ~NoLeakH2 V2 {50, 34}
172. ~V1 okH1 okH2 NoLeak ~NoLeakH1 ~NoLeakH2 {50, 36}
173. ~LowTemp ~V2 l ~NoLeak {50, 40}
174. ~LowTemp l ~NoLeak {50, 48}
175. okH2 ReactorUnitSafe NoLeakH2 l ~LowTemp {51, 7}
176. ~V2 ~LowTemp ReactorUnitSafe {51, 11}
177. ~V2 l ~NoLeak ReactorUnitSafe {51, 18}
178. okH1 ~V2 okH2 NoLeak ReactorUnitSafe ~NoLeakH1 ~NoLeakH2 V1 {51, 23}
179. okH1 ~V2 okH2 NoLeak ReactorUnitSafe ~NoLeakH1 l ~NoLeakH2 V1 {51, 30}
180. okH1 ~V2 NoLeak ReactorUnitSafe ~NoLeakH1 ~NoLeakH2 V1 {51, 33}
181. ~V2 okH2 NoLeak ReactorUnitSafe ~NoLeakH1 ~NoLeakH2 V1 {51, 35}
182. okH1 ~V2 okH2 NoLeak ReactorUnitSafe ~NoLeakH1 ~NoLeakH2 {51, 36}
183. ~V1 ~V2 okH2 ReactorUnitSafe NoLeakH2 ~LowTemp ~NoLeak {51, 39}
184. ~V1 ReactorUnitSafe l ~LowTemp ~NoLeak {51, 40}
185. okH1 ~V2 ReactorUnitSafe ~LowTemp ~NoLeak NoLeakH1 {51, 45}
186. ~V2 ~V1 ReactorUnitSafe {51, 50}
187. l ~NoLeak V2 {52, 7}
188. okH2 NoLeakH2 ~NoLeak {52, 11}
189. NoLeakH2 l ~NoLeak {52, 12}
190. okH2 NoLeakH2 l ~LowTemp {52, 18}
191. okH2 NoLeakH2 ~V1 {52, 25}
192. okH2 NoLeakH2 ~V2 {52, 26}
193. ~V1 okH2 ~V2 NoLeakH2 l {52, 40}
194. ~V1 okH2 ~V2 NoLeakH2 ~LowTemp ~NoLeak {52, 43}
195. ~V1 okH2 ReactorUnitSafe NoLeakH2 ~LowTemp ~NoLeak {52, 44}
196. okH2 NoLeakH2 okH1 NoLeakH1 {52, 45}
197. okH2 NoLeakH2 l LowTemp {52, 46}
198. ~V1 LowTemp okH2 ~V2 NoLeakH2 l {52, 47}
199. okH2 NoLeakH2 l ~V1 {52, 48}
200. okH2 NoLeakH2 {52, 49}
201. ~V1 okH2 NoLeakH2 ~LowTemp ~NoLeak {52, 50}
202. ~V1 ~NoLeak ~l LowTemp {53, 8}
203. ~V2 ~LowTemp {53, 18}
204. ~V1 ~l ReactorUnitSafe ~LowTemp ~NoLeak {53, 37}
205. NoLeakH1 okH1 ~l {53, 38}
206. ~V1 ~V2 okH2 ~l NoLeakH2 {53, 39}
207. ~LowTemp ~V1 ~NoLeak ~l {53, 43}
208. ~V2 l okH1 NoLeakH1 {53, 45}
209. ~V2 NoLeakH2 l okH2 {53, 52}
210. okH1 ~V2 okH2 NoLeak ~NoLeakH1 ~NoLeakH2 V1 {54, 23}
211. okH1 ~V2 NoLeak ~NoLeakH1 ~NoLeakH2 V1 {54, 33}
212. ~V2 okH2 NoLeak ~NoLeakH1 ~NoLeakH2 V1 {54, 35}
213. okH1 ~V2 okH2 NoLeak ~NoLeakH1 ~NoLeakH2 {54, 36}
214. ~LowTemp ~V1 l ~NoLeak {54, 40}
215. okH1 ~V2 ~LowTemp ~NoLeak NoLeakH1 {54, 45}
216. ~l LowTemp {55, 8}
217. ~V1 okH1 okH2 NoLeak ~NoLeakH1 ~NoLeakH2 l ~LowTemp {55, 22}
218. okH1 ~V2 okH2 NoLeak ~NoLeakH1 ~NoLeakH2 l ~LowTemp {55, 23}
219. ~V1 okH1 okH2 NoLeak ~NoLeakH1 ~NoLeakH2 ~LowTemp {55, 29}
220. okH1 ~V2 okH2 NoLeak ~NoLeakH1 ~NoLeakH2 ~LowTemp {55, 30}
221. ~V1 okH1 NoLeak ~NoLeakH1 ~NoLeakH2 l ~LowTemp {55, 32}
222. okH1 ~V2 NoLeak ~NoLeakH1 ~NoLeakH2 l ~LowTemp {55, 33}
223. ~V1 okH2 NoLeak ~NoLeakH1 ~NoLeakH2 l ~LowTemp {55, 34}
224. ~V2 okH2 NoLeak ~NoLeakH1 ~NoLeakH2 l ~LowTemp {55, 35}
225. ReactorUnitSafe ~LowTemp ~l {55, 37}
226. ~V1 okH1 ~l ~NoLeak NoLeakH1 {55, 38}
227. ~V2 okH2 ~l NoLeakH2 ~NoLeak {55, 39}
228. ~LowTemp ~l {55, 43}
229. NoLeak ~NoLeakH1 ~NoLeakH2 V2 ~LowTemp {56, 14}
230. NoLeak ~NoLeakH1 ~NoLeakH2 V1 ~LowTemp {56, 15}
231. ~V1 okH1 NoLeak ~NoLeakH1 ~NoLeakH2 l V2 {57, 9}
232. okH1 NoLeak ~NoLeakH1 ~NoLeakH2 ~LowTemp {57, 15}
233. ~V1 okH1 NoLeak ReactorUnitSafe ~NoLeakH1 ~NoLeakH2 l V2 {57, 44}
234. ~V1 okH1 NoLeak ~NoLeakH1 ~NoLeakH2 ~LowTemp {57, 55}
235. okH1 ~V2 NoLeak ~NoLeakH1 ~NoLeakH2 l V1 {58, 10}
236. okH1 ~V2 NoLeak ReactorUnitSafe ~NoLeakH1 ~NoLeakH2 l V1 {58, 51}
237. okH1 ~V2 NoLeak ~NoLeakH1 ~NoLeakH2 ~LowTemp {58, 55}
238. ~V1 okH2 NoLeak ~NoLeakH1 ~NoLeakH2 l V2 {59, 9}
239. okH2 NoLeak ~NoLeakH1 ~NoLeakH2 ~LowTemp {59, 15}
240. ~V1 okH2 NoLeak ReactorUnitSafe ~NoLeakH1 ~NoLeakH2 l V2 {59, 44}
241. ~V1 okH2 NoLeak ~NoLeakH1 ~NoLeakH2 ~LowTemp {59, 55}
242. okH2 ~V2 NoLeak ~NoLeakH1 ~NoLeakH2 l V1 {60, 10}
243. okH2 ~V2 NoLeak ReactorUnitSafe ~NoLeakH1 ~NoLeakH2 l V1 {60, 51}
244. okH2 ~V2 NoLeak ~NoLeakH1 ~NoLeakH2 ~LowTemp {60, 55}
245. okH1 LowTemp okH2 NoLeak ~NoLeakH1 ~NoLeakH2 V2 {61, 9}
246. okH1 okH2 NoLeak ~NoLeakH1 ~NoLeakH2 l V2 {61, 14}
247. ~V1 okH1 okH2 NoLeak ~NoLeakH1 ~NoLeakH2 l {61, 15}
248. okH1 okH2 NoLeak ReactorUnitSafe ~NoLeakH1 ~NoLeakH2 V2 ~LowTemp {61, 44}
249. ~V1 okH1 okH2 ~V2 NoLeak ~l ~NoLeakH1 ~NoLeakH2 {62, 8}
250. okH1 okH2 ~V2 NoLeak ~NoLeakH1 ~NoLeakH2 l {62, 10}
251. ~V1 okH1 okH2 ~V2 NoLeak ~l ReactorUnitSafe ~NoLeakH1 ~NoLeakH2 {62, 37}
252. ~V1 okH1 okH2 NoLeak ReactorUnitSafe ~NoLeakH1 ~NoLeakH2 l {62, 44}
253. okH1 okH2 ~V2 NoLeak ReactorUnitSafe ~NoLeakH1 ~NoLeakH2 l {62, 51}
254. okH1 LowTemp okH2 NoLeak ~NoLeakH1 ~NoLeakH2 V1 {63, 10}
255. okH1 okH2 NoLeak ~NoLeakH1 ~NoLeakH2 l V1 {63, 15}
256. okH1 okH2 NoLeak ReactorUnitSafe ~NoLeakH1 ~NoLeakH2 V1 ~LowTemp {63, 51}
257. NoLeak ~NoLeakH1 ~NoLeakH2 l ~LowTemp {64, 15}
258. ~V1 NoLeak ReactorUnitSafe ~NoLeakH1 ~NoLeakH2 V2 {64, 44}
259. ~V1 NoLeak ~NoLeakH1 ~NoLeakH2 V2 {64, 50}
260. ~V1 NoLeak ~NoLeakH1 ~NoLeakH2 l ~LowTemp {64, 55}
261. ~V2 NoLeak ReactorUnitSafe ~NoLeakH1 ~NoLeakH2 V1 {65, 51}
262. ~V2 NoLeak ~NoLeakH1 ~NoLeakH2 V1 {65, 54}
263. ~V2 NoLeak ~NoLeakH1 ~NoLeakH2 l ~LowTemp {65, 55}
264. ~V1 okH1 NoLeak ReactorUnitSafe ~NoLeakH1 ~NoLeakH2 {66, 44}
265. ~V1 okH1 NoLeak ~NoLeakH1 ~NoLeakH2 {66, 50}
266. okH1 ~V2 NoLeak ReactorUnitSafe ~NoLeakH1 ~NoLeakH2 {66, 51}
267. okH1 ~V2 NoLeak ~NoLeakH1 ~NoLeakH2 {66, 54}
268. ~V1 okH2 NoLeak ReactorUnitSafe ~NoLeakH1 ~NoLeakH2 {67, 44}
269. ~V1 okH2 NoLeak ~NoLeakH1 ~NoLeakH2 {67, 50}
270. okH2 ~V2 NoLeak ReactorUnitSafe ~NoLeakH1 ~NoLeakH2 {67, 51}
271. okH2 ~V2 NoLeak ~NoLeakH1 ~NoLeakH2 {67, 54}
272. ~V2 ~l ReactorUnitSafe V1 ~LowTemp {68, 5}
273. okH1 okH2 ~l ReactorUnitSafe NoLeakH2 ~LowTemp NoLeakH1 {68, 7}
274. okH1 ~V2 ReactorUnitSafe ~LowTemp NoLeakH1 {68, 11}
275. ~V2 ~l ReactorUnitSafe ~LowTemp NoLeakH1 {68, 13}
276. okH1 ~l ReactorUnitSafe ~LowTemp NoLeakH1 {68, 15}
277. okH1 ~V2 ~l ReactorUnitSafe ~NoLeak NoLeakH1 {68, 18}
278. ~V1 okH1 ~V2 okH2 ReactorUnitSafe NoLeakH2 ~LowTemp ~NoLeak NoLeakH1 {68, 39}
279. ~V1 okH1 ~l ReactorUnitSafe ~LowTemp ~NoLeak NoLeakH1 {68, 40}
280. okH1 ReactorUnitSafe ~LowTemp ~NoLeak NoLeakH1 {68, 41}
281. okH1 ~V2 okH2 ReactorUnitSafe NoLeakH2 ~LowTemp ~NoLeak NoLeakH1 {68, 52}
282. okH1 ~l ReactorUnitSafe ~LowTemp ~NoLeak NoLeakH1 {68, 53}
283. ~V1 okH1 ~l ReactorUnitSafe ~LowTemp NoLeakH1 {68, 55}
284. ~V1 ~l ReactorUnitSafe V2 ~LowTemp {69, 7}
285. ~V1 okH2 ReactorUnitSafe NoLeakH2 ~LowTemp {69, 11}
286. ~V1 ~l ReactorUnitSafe NoLeakH2 ~LowTemp {69, 12}
287. okH2 ~l ReactorUnitSafe NoLeakH2 ~LowTemp {69, 14}
288. ~V1 okH2 ~l ReactorUnitSafe NoLeakH2 ~NoLeak {69, 18}
289. okH2 ~V2 ~l ReactorUnitSafe NoLeakH2 ~LowTemp ~NoLeak {69, 40}
290. okH2 ReactorUnitSafe NoLeakH2 ~LowTemp ~NoLeak {69, 42}
291. ~V1 okH1 okH2 ReactorUnitSafe NoLeakH2 ~LowTemp ~NoLeak NoLeakH1 {69, 45}
292. okH2 ~l ReactorUnitSafe NoLeakH2 ~LowTemp ~NoLeak {69, 48}
293. okH2 ~V2 ~l ReactorUnitSafe NoLeakH2 ~LowTemp {69, 55}
294. ~V2 ~V1 ~NoLeak ReactorUnitSafe {70, 18}
295. ~V1 okH1 ~V2 okH2 NoLeak ReactorUnitSafe ~NoLeakH1 ~NoLeakH2 l {70, 36}
296. ~V2 l ReactorUnitSafe {70, 50}
297. ReactorUnitSafe ~V1 l {70, 54}
298. ~LowTemp ReactorUnitSafe {70, 55}
299. ~V1 okH1 ~V2 okH2 NoLeak ReactorUnitSafe ~NoLeakH1 ~NoLeakH2 {70, 62}
300. ~V1 okH1 ~V2 NoLeak ReactorUnitSafe ~NoLeakH1 ~NoLeakH2 l {70, 66}
301. ~V1 ~V2 okH2 NoLeak ReactorUnitSafe ~NoLeakH1 ~NoLeakH2 l {70, 67}
302. ~V2 ~NoLeak ~l ReactorUnitSafe {71, 18}
303. okH1 ~V2 okH2 NoLeak ~l ReactorUnitSafe ~NoLeakH1 ~NoLeakH2 V1 {71, 30}
304. okH1 ~V2 NoLeak ~l ReactorUnitSafe ~NoLeakH1 ~NoLeakH2 V1 {71, 58}
305. ~V2 okH2 NoLeak ~l ReactorUnitSafe ~NoLeakH1 ~NoLeakH2 V1 {71, 60}
306. okH1 ~V2 okH2 NoLeak ~l ReactorUnitSafe ~NoLeakH1 ~NoLeakH2 {71, 62}
307. ReactorUnitSafe ~V1 ~NoLeak ~l {72, 18}
308. ~V1 okH1 okH2 NoLeak ~l ReactorUnitSafe ~NoLeakH1 ~NoLeakH2 V2 {72, 29}
309. ~V1 okH1 NoLeak ~l ReactorUnitSafe ~NoLeakH1 ~NoLeakH2 V2 {72, 57}
310. ~V1 okH2 NoLeak ~l ReactorUnitSafe ~NoLeakH1 ~NoLeakH2 V2 {72, 59}
311. ~V1 okH1 okH2 NoLeak ~l ReactorUnitSafe ~NoLeakH1 ~NoLeakH2 {72, 62}
312. ~V1 LowTemp ~V2 ~l ReactorUnitSafe {73, 46}
313. ~V2 ~l ReactorUnitSafe {73, 48}
314. ReactorUnitSafe ~V1 ~l {73, 53}
315. ReactorUnitSafe ~NoLeak ~l {73, 55}
316. okH2 ~l NoLeakH2 V1 ~NoLeak {74, 7}
317. ~V2 ~NoLeak V1 {74, 11}
318. ~NoLeak V1 ~l {74, 15}
319. ~V2 ~LowTemp V1 ~l {74, 18}
320. ~V2 V1 ~l LowTemp {74, 46}
321. V1 ~l {74, 53}
322. okH1 ReactorUnitSafe V1 ~LowTemp ~NoLeak NoLeakH1 {74, 68}
323. ~LowTemp ~NoLeak V1 ReactorUnitSafe {74, 71}
324. okH1 ~l V2 ~NoLeak NoLeakH1 {75, 7}
325. ~V1 okH1 LowTemp okH2 ~V2 NoLeakH2 ~NoLeak NoLeakH1 {75, 8}
326. ~V1 okH1 LowTemp okH2 NoLeakH2 ~NoLeak NoLeakH1 {75, 9}
327. okH1 LowTemp okH2 ~V2 NoLeakH2 ~NoLeak NoLeakH1 {75, 10}
328. okH1 okH2 NoLeakH2 ~NoLeak NoLeakH1 {75, 11}
329. okH1 ~l NoLeakH2 ~NoLeak NoLeakH1 {75, 12}
330. okH2 ~l NoLeakH2 ~NoLeak NoLeakH1 {75, 13}
331. okH1 okH2 ~l NoLeakH2 ~LowTemp NoLeakH1 {75, 18}
332. ~V1 okH1 okH2 ~V2 ~l NoLeakH2 NoLeakH1 {75, 40}
333. okH1 okH2 ~V2 NoLeakH2 NoLeakH1 {75, 41}
334. ~V1 okH1 okH2 NoLeakH2 NoLeakH1 {75, 42}
335. ~V1 okH1 okH2 ~V2 NoLeakH2 ~LowTemp ~NoLeak NoLeakH1 {75, 43}
336. okH1 LowTemp okH2 ~l NoLeakH2 NoLeakH1 {75, 46}
337. ~V1 okH1 LowTemp okH2 ~V2 ~l NoLeakH2 NoLeakH1 {75, 47}
338. ~V1 okH1 okH2 ~l NoLeakH2 NoLeakH1 {75, 48}
339. ~V1 okH1 okH2 NoLeakH2 ~LowTemp ~NoLeak NoLeakH1 {75, 50}
340. okH1 okH2 ~V2 ~l NoLeakH2 NoLeakH1 {75, 53}
341. okH1 okH2 ~V2 NoLeakH2 ~LowTemp ~NoLeak NoLeakH1 {75, 54}
342. ~V1 okH1 okH2 ~V2 ReactorUnitSafe NoLeakH2 NoLeakH1 {75, 73}
343. okH1 okH2 ~V2 NoLeakH2 V1 NoLeakH1 {75, 74}
344. ~V1 okH1 ~V2 l ~NoLeak NoLeakH1 {76, 10}
345. NoLeakH1 ~V1 ~NoLeak LowTemp {76, 13}
346. NoLeakH1 ~NoLeak okH1 LowTemp {76, 14}
347. NoLeakH1 ~V2 okH1 LowTemp {76, 40}
348. ~V1 okH1 LowTemp ~V2 ~l NoLeakH1 {76, 41}
349. NoLeakH1 ~l okH1 LowTemp {76, 42}
350. NoLeakH1 okH1 LowTemp {76, 48}
351. ~V1 okH1 LowTemp l NoLeakH1 {76, 49}
352. ~V1 okH1 ~V2 ReactorUnitSafe l ~NoLeak NoLeakH1 {76, 51}
353. ~V1 okH1 LowTemp okH2 NoLeakH2 l NoLeakH1 {76, 52}
354. ~V1 okH1 LowTemp ~V2 NoLeakH1 {76, 53}
355. ~V1 okH1 ~V2 ~l ReactorUnitSafe ~NoLeak NoLeakH1 {76, 71}
356. okH1 LowTemp ~V2 ~l ReactorUnitSafe NoLeakH1 {76, 73}
357. okH1 ~V2 l ~NoLeak NoLeakH1 {77, 9}
358. ~V1 okH1 l ~NoLeak NoLeakH1 {77, 10}
359. ~V1 LowTemp ~V2 ~NoLeak NoLeakH1 {77, 13}
360. okH1 LowTemp ~V2 l NoLeakH1 {77, 25}
361. okH1 LowTemp ~V2 okH2 ~l NoLeakH2 NoLeakH1 {77, 39}
362. ~V1 okH1 LowTemp ~V2 okH2 NoLeakH2 l NoLeakH1 {77, 52}
363. NoLeakH1 ~V1 okH1 LowTemp {77, 53}
364. ~V1 okH1 LowTemp ~l ~NoLeak NoLeakH1 {78, 8}
365. okH1 LowTemp l ~NoLeak NoLeakH1 {78, 10}
366. ~V2 ~NoLeak NoLeakH1 {78, 13}
367. ~V2 ~LowTemp okH1 NoLeakH1 {78, 18}
368. l okH1 NoLeakH1 {78, 26}
369. ~V1 okH1 ~l ~LowTemp ~NoLeak NoLeakH1 {78, 43}
370. okH1 ReactorUnitSafe l ~LowTemp ~NoLeak NoLeakH1 {78, 51}
371. okH1 ~V2 okH2 NoLeakH2 l NoLeakH1 {78, 52}
372. okH1 l ~LowTemp ~NoLeak NoLeakH1 {78, 54}
373. ~V1 ~NoLeak okH1 NoLeakH1 {78, 55}
374. ~V1 okH1 ~l ReactorUnitSafe NoLeakH1 {78, 73}
375. ~l V1 okH1 NoLeakH1 {78, 74}
376. ~V2 ~NoLeak ~l ~okH1 {79, 4}
377. okH1 ~V2 ~l V1 ~NoLeak {79, 5}
378. ~NoLeak ~l NoLeakH1 {79, 15}
379. ~V2 ~l ~LowTemp NoLeakH1 {79, 18}
380. ~V1 ReactorUnitSafe ~LowTemp ~NoLeak NoLeakH1 {79, 37}
381. ~V1 ~V2 okH2 NoLeakH2 NoLeakH1 {79, 39}
382. ~V1 ~l NoLeakH1 {79, 40}
383. ~V2 ~V1 NoLeakH1 {79, 42}
384. ~LowTemp ~V1 ~NoLeak NoLeakH1 {79, 43}
385. ~V1 ~V2 ReactorUnitSafe ~LowTemp ~NoLeak NoLeakH1 {79, 44}
386. ~V2 ~l NoLeakH1 LowTemp {79, 46}
387. ~V1 ~l NoLeakH1 LowTemp {79, 47}
388. ~V2 ~V1 ~l NoLeakH1 {79, 48}
389. ~V1 ~V2 ~LowTemp ~NoLeak NoLeakH1 {79, 50}
390. ~l NoLeakH1 {79, 53}
391. ~V1 ~NoLeak ~l NoLeakH1 {79, 55}
392. ~V1 ~V2 okH2 ReactorUnitSafe NoLeakH2 ~LowTemp ~NoLeak NoLeakH1 {79, 69}
393. ~V1 ~l ReactorUnitSafe ~LowTemp ~NoLeak NoLeakH1 {79, 70}
394. ~LowTemp ~NoLeak NoLeakH1 ReactorUnitSafe {79, 71}
395. ~V1 okH1 LowTemp ~V2 ~l {79, 76}
396. ~LowTemp ~l okH1 NoLeakH1 {80, 18}
397. ~V2 ~l okH1 NoLeakH1 {80, 53}
398. ~V1 okH1 ~V2 ReactorUnitSafe NoLeakH1 {80, 73}
399. ~V2 V1 okH1 NoLeakH1 {80, 74}
400. ~LowTemp ~NoLeak okH1 NoLeakH1 {81, 41}
401. okH1 ~l ~LowTemp ~NoLeak NoLeakH1 {81, 53}
402. ~V1 okH1 ~l ~LowTemp NoLeakH1 {81, 55}
403. okH1 V1 ~LowTemp ~NoLeak NoLeakH1 {81, 74}
404. ReactorUnitSafe ~V1 okH1 NoLeakH1 {82, 18}
405. ~V1 okH1 ~V2 ReactorUnitSafe l ~LowTemp NoLeakH1 {82, 26}
406. ~V1 okH1 ~V2 ~l ReactorUnitSafe ~LowTemp NoLeakH1 {82, 41}
407. ReactorUnitSafe ~LowTemp okH1 NoLeakH1 {82, 48}
408. ~V1 okH1 ReactorUnitSafe l ~LowTemp NoLeakH1 {82, 49}
409. okH1 ReactorUnitSafe l ~NoLeak NoLeakH1 {82, 50}
410. ~V1 okH1 okH2 ReactorUnitSafe NoLeakH2 l ~LowTemp NoLeakH1 {82, 52}
411. ~V1 okH1 ~V2 ReactorUnitSafe ~LowTemp NoLeakH1 {82, 53}
412. ~V1 okH1 ~V2 ~l ~NoLeak NoLeakH1 {82, 71}
413. ~V1 okH1 ~V2 ~l ReactorUnitSafe ~LowTemp {82, 79}
414. ~V1 ~NoLeak V2 {83, 11}
415. ~NoLeak ~l V2 {83, 14}
416. ~LowTemp ~V1 ~l V2 {83, 18}
417. ~V1 LowTemp ~l V2 {83, 46}
418. ~l V2 {83, 48}
419. okH2 ReactorUnitSafe NoLeakH2 V2 ~LowTemp ~NoLeak {83, 69}
420. ReactorUnitSafe ~NoLeak ~LowTemp V2 {83, 72}
421. ~V1 okH1 okH2 NoLeakH2 V2 NoLeakH1 {83, 75}
422. okH1 LowTemp ~l V2 NoLeakH1 {83, 76}
423. ~V1 okH1 NoLeakH1 V2 {83, 80}
424. okH1 ~l ReactorUnitSafe V2 ~LowTemp NoLeakH1 {83, 82}
425. ~V1 okH2 ~V2 NoLeakH2 l ~NoLeak {84, 9}
426. ~V2 NoLeakH2 ~NoLeak LowTemp {84, 12}
427. okH2 NoLeakH2 ~NoLeak LowTemp {84, 15}
428. okH2 NoLeakH2 ~V1 LowTemp {84, 40}
429. okH2 NoLeakH2 ~l LowTemp {84, 41}
430. ~V1 LowTemp okH2 ~V2 ~l NoLeakH2 {84, 42}
431. ~V1 okH2 ~V2 ReactorUnitSafe NoLeakH2 l ~NoLeak {84, 44}
432. okH1 LowTemp okH2 ~V2 NoLeakH2 l NoLeakH1 {84, 45}
433. ~V1 LowTemp okH2 ~V2 NoLeakH2 {84, 48}
434. LowTemp okH2 ~V2 NoLeakH2 l {84, 49}
435. okH2 NoLeakH2 LowTemp {84, 53}
436. ~V1 okH2 ~V2 ~l ReactorUnitSafe NoLeakH2 ~NoLeak {84, 72}
437. ~V1 LowTemp okH2 ~l ReactorUnitSafe NoLeakH2 {84, 73}
438. LowTemp okH2 ~l NoLeakH2 V1 {84, 74}
439. okH1 LowTemp okH2 NoLeakH2 NoLeakH1 {84, 78}
440. LowTemp okH2 ~l NoLeakH2 NoLeakH1 {84, 79}
441. okH2 ~V2 NoLeakH2 l ~NoLeak {85, 9}
442. ~V1 okH2 NoLeakH2 l ~NoLeak {85, 10}
443. ~V1 LowTemp ~V2 NoLeakH2 ~NoLeak {85, 12}
444. ~V1 LowTemp okH2 NoLeakH2 l {85, 26}
445. ~V1 okH1 LowTemp okH2 ~l NoLeakH2 NoLeakH1 {85, 38}
446. okH2 ~V2 NoLeakH2 LowTemp {85, 48}
447. ~V1 okH1 LowTemp okH2 NoLeakH2 NoLeakH1 {85, 78}
448. ~V1 LowTemp okH2 ~l NoLeakH2 NoLeakH1 {85, 79}
449. LowTemp okH2 ~V2 ~l NoLeakH2 ~NoLeak {86, 8}
450. LowTemp okH2 NoLeakH2 l ~NoLeak {86, 9}
451. ~V1 ~NoLeak NoLeakH2 {86, 12}
452. okH2 ~V1 ~LowTemp NoLeakH2 {86, 18}
453. okH2 NoLeakH2 l {86, 25}
454. okH2 ~V2 ~l NoLeakH2 ~LowTemp ~NoLeak {86, 43}
455. okH2 ReactorUnitSafe NoLeakH2 l ~LowTemp ~NoLeak {86, 44}
456. ~V1 okH1 okH2 NoLeakH2 l NoLeakH1 {86, 45}
457. okH2 NoLeakH2 l ~LowTemp ~NoLeak {86, 50}
458. okH2 NoLeakH2 ~NoLeak ~V2 {86, 55}
459. okH2 ~V2 ~l ReactorUnitSafe NoLeakH2 {86, 73}
460. okH1 LowTemp okH2 ~V2 NoLeakH2 NoLeakH1 {86, 77}
461. ~V1 okH2 ~V2 ~l NoLeakH2 NoLeakH1 {86, 79}
462. okH1 okH2 ReactorUnitSafe NoLeakH2 ~LowTemp NoLeakH1 {86, 82}
463. okH2 NoLeakH2 ~l V2 {86, 83}
464. ~okH2 ~V1 ~NoLeak ~l {87, 6}
465. ~V1 okH2 ~l V2 ~NoLeak {87, 7}
466. NoLeakH2 ~NoLeak ~l {87, 14}
467. ~LowTemp ~V1 NoLeakH2 ~l {87, 18}
468. ~V2 ReactorUnitSafe NoLeakH2 ~LowTemp ~NoLeak {87, 37}
469. ~V1 okH1 ~V2 NoLeakH2 NoLeakH1 {87, 38}
470. ~V2 NoLeakH2 ~l {87, 40}
471. ~V2 ~V1 NoLeakH2 {87, 41}
472. ~V2 NoLeakH2 ~NoLeak ~LowTemp {87, 43}
473. ~V1 NoLeakH2 ~l LowTemp {87, 46}
474. ~V2 NoLeakH2 ~l LowTemp {87, 47}
475. NoLeakH2 ~l {87, 48}
476. ~V1 ~V2 ReactorUnitSafe NoLeakH2 ~LowTemp ~NoLeak {87, 51}
477. ~V2 ~V1 NoLeakH2 ~l {87, 53}
478. ~V1 ~V2 NoLeakH2 ~LowTemp ~NoLeak {87, 54}
479. ~V2 NoLeakH2 ~NoLeak ~l {87, 55}
480. ~V1 okH1 ~V2 ReactorUnitSafe NoLeakH2 ~LowTemp ~NoLeak NoLeakH1 {87, 68}
481. ~V2 ~l ReactorUnitSafe NoLeakH2 ~LowTemp ~NoLeak {87, 70}
482. ReactorUnitSafe NoLeakH2 ~NoLeak ~LowTemp {87, 72}
483. okH1 LowTemp ~l NoLeakH2 NoLeakH1 {87, 76}
484. okH1 LowTemp ~V2 ~l NoLeakH2 NoLeakH1 {87, 77}
485. ~V1 okH1 ~V2 ~l NoLeakH2 NoLeakH1 {87, 78}
486. ~V2 ~V1 NoLeakH2 NoLeakH1 {87, 79}
487. ~V1 okH1 NoLeakH2 NoLeakH1 {87, 80}
488. ~V1 okH1 ~V2 NoLeakH2 ~LowTemp ~NoLeak NoLeakH1 {87, 81}
489. okH1 ~l ReactorUnitSafe NoLeakH2 ~LowTemp NoLeakH1 {87, 82}
490. ~V1 LowTemp okH2 ~V2 ~l {87, 84}
491. okH2 NoLeakH2 ~LowTemp ~l {88, 18}
492. okH2 NoLeakH2 ~V1 ~l {88, 48}
493. ~V1 okH2 ~V2 ReactorUnitSafe NoLeakH2 {88, 73}
494. okH2 NoLeakH2 ~V2 V1 {88, 74}
495. okH2 NoLeakH2 ~V2 NoLeakH1 {88, 79}
496. ~V1 okH1 okH2 ~l ReactorUnitSafe NoLeakH2 ~LowTemp NoLeakH1 {88, 82}
497. okH2 NoLeakH2 ~V1 V2 {88, 83}
498. okH2 NoLeakH2 ~NoLeak ~LowTemp {89, 42}
499. okH2 ~l NoLeakH2 ~LowTemp ~NoLeak {89, 48}
500. okH2 ~V2 ~l NoLeakH2 ~LowTemp {89, 55}
501. ~V1 okH2 ~V2 NoLeakH2 ~LowTemp ~NoLeak NoLeakH1 {89, 79}
502. okH1 okH2 ~l ReactorUnitSafe NoLeakH2 ~NoLeak NoLeakH1 {89, 82}
503. okH2 NoLeakH2 V2 ~LowTemp ~NoLeak {89, 83}
504. okH2 ~V2 NoLeakH2 ReactorUnitSafe {90, 18}
505. ~V1 okH2 ~V2 ReactorUnitSafe NoLeakH2 l ~LowTemp {90, 25}
506. ~V1 okH2 ~V2 ~l ReactorUnitSafe NoLeakH2 ~LowTemp {90, 42}
507. okH1 okH2 ~V2 ReactorUnitSafe NoLeakH2 l ~LowTemp NoLeakH1 {90, 45}
508. ~V1 okH2 ~V2 ReactorUnitSafe NoLeakH2 ~LowTemp {90, 48}
509. okH2 ~V2 ReactorUnitSafe NoLeakH2 l ~LowTemp {90, 49}
510. okH2 NoLeakH2 ~LowTemp ReactorUnitSafe {90, 53}
511. okH2 ReactorUnitSafe NoLeakH2 l ~NoLeak {90, 54}
512. ~V1 okH2 ~V2 ~l NoLeakH2 ~NoLeak {90, 72}
513. okH2 ~l ReactorUnitSafe NoLeakH2 V1 ~LowTemp {90, 74}
514. okH2 ~l ReactorUnitSafe NoLeakH2 ~LowTemp NoLeakH1 {90, 79}
515. okH1 okH2 ~V2 ~l ReactorUnitSafe NoLeakH2 ~LowTemp NoLeakH1 {90, 80}
516. ~V1 okH2 ~V2 ~l ReactorUnitSafe ~LowTemp {90, 87}
517. okH1 okH2 ~V2 NoLeakH2 l ~NoLeak NoLeakH1 {91, 25}
518. ~V1 okH1 okH2 NoLeakH2 l ~NoLeak NoLeakH1 {91, 26}
519. ~V1 okH1 okH2 ~l NoLeakH2 ~NoLeak NoLeakH1 {91, 41}
520. okH1 okH2 ~V2 ~l NoLeakH2 ~NoLeak NoLeakH1 {91, 42}
521. okH1 LowTemp okH2 NoLeakH2 ~NoLeak NoLeakH1 {91, 47}
522. okH1 okH2 ~V2 NoLeakH2 ~NoLeak NoLeakH1 {91, 48}
523. okH1 okH2 ~V2 NoLeakH2 l ~LowTemp NoLeakH1 {91, 50}
524. ~V1 okH1 okH2 NoLeakH2 ~NoLeak NoLeakH1 {91, 53}
525. ~V1 okH1 okH2 NoLeakH2 l ~LowTemp NoLeakH1 {91, 54}
526. ~V1 okH1 okH2 ~l NoLeakH2 ~NoLeak {91, 79}
527. okH1 okH2 ~V2 ~l ~NoLeak NoLeakH1 {91, 87}
528. ~V2 ~V1 LowTemp ReactorUnitSafe {92, 73}
529. ~V2 V1 LowTemp {92, 74}
530. ~V2 NoLeakH1 LowTemp {92, 79}
531. ~V1 LowTemp V2 {92, 83}
532. ~V1 NoLeakH2 LowTemp {92, 87}
533. ~V1 okH1 LowTemp okH2 NoLeakH2 l ~NoLeak NoLeakH1 {93, 91}
534. okH1 LowTemp okH2 ~V2 NoLeakH2 l ~NoLeak NoLeakH1 {94, 91}
535. ~V1 okH1 ~V2 okH2 NoLeak ~NoLeakH1 ~NoLeakH2 l {95, 36}
536. ~LowTemp {95, 55}
537. ~V1 okH1 ~V2 okH2 NoLeak ~NoLeakH1 ~NoLeakH2 {95, 62}
538. ~V1 okH1 ~V2 NoLeak ~NoLeakH1 ~NoLeakH2 l {95, 66}
539. ~V1 ~V2 okH2 NoLeak ~NoLeakH1 ~NoLeakH2 l {95, 67}
540. ~V1 ~l ~LowTemp ~NoLeak NoLeakH1 {95, 79}
541. okH1 ~V2 ReactorUnitSafe ~NoLeak NoLeakH1 {95, 82}
542. ~V2 ~l NoLeakH2 ~LowTemp ~NoLeak {95, 87}
543. ~V1 okH2 ReactorUnitSafe NoLeakH2 ~NoLeak {95, 90}
544. okH1 okH2 NoLeakH2 ~LowTemp NoLeakH1 {95, 91}
545. LowTemp {96, 10}
546. okH1 ~V2 okH2 NoLeak ~NoLeakH1 ~NoLeakH2 V1 ~LowTemp {96, 23}
547. okH1 ~V2 NoLeak ~NoLeakH1 ~NoLeakH2 V1 ~LowTemp {96, 33}
548. ~V2 okH2 NoLeak ~NoLeakH1 ~NoLeakH2 V1 ~LowTemp {96, 35}
549. ~V1 ~V2 okH2 NoLeakH2 ~NoLeak {96, 39}
550. okH1 okH2 NoLeak ~NoLeakH1 ~NoLeakH2 V1 {96, 63}
551. ~V2 NoLeak ~NoLeakH1 ~NoLeakH2 V1 ~LowTemp {96, 65}
552. ~V1 okH1 LowTemp l ~NoLeak NoLeakH1 {96, 77}
553. ~V1 LowTemp okH2 NoLeakH2 l ~NoLeak {96, 85}
554. ~V2 ~V1 ~NoLeak NoLeakH2 {96, 87}
555. ~V1 ~V2 okH2 NoLeakH2 ~LowTemp {96, 89}
556. ~V1 okH1 okH2 NoLeak ~NoLeakH1 ~NoLeakH2 V2 ~LowTemp {97, 22}
557. ~V1 okH1 NoLeak ~NoLeakH1 ~NoLeakH2 V2 ~LowTemp {97, 32}
558. ~V1 okH2 NoLeak ~NoLeakH1 ~NoLeakH2 V2 ~LowTemp {97, 34}
559. ~V1 okH1 ~V2 ~NoLeak NoLeakH1 {97, 38}
560. okH1 okH2 NoLeak ~NoLeakH1 ~NoLeakH2 V2 {97, 61}
561. ~V1 NoLeak ~NoLeakH1 ~NoLeakH2 V2 ~LowTemp {97, 64}
562. okH1 LowTemp ~V2 l ~NoLeak NoLeakH1 {97, 77}
563. ~V2 ~V1 ~NoLeak NoLeakH1 {97, 79}
564. ~V1 okH1 ~V2 ~LowTemp NoLeakH1 {97, 81}
565. LowTemp okH2 ~V2 NoLeakH2 l ~NoLeak {97, 85}
566. ReactorUnitSafe ~l {98, 18}
567. ReactorUnitSafe ~V2 ~LowTemp V1 {98, 74}
568. ReactorUnitSafe ~V2 ~LowTemp NoLeakH1 {98, 79}
569. ReactorUnitSafe ~V1 ~LowTemp V2 {98, 83}
570. ReactorUnitSafe ~V1 ~LowTemp NoLeakH2 {98, 87}
571. okH1 LowTemp ~V2 ~l ~NoLeak NoLeakH1 {99, 47}
572. ~V2 ~V1 ~NoLeak okH1 {99, 79}
573. ~NoLeak okH1 NoLeakH1 V2 {99, 83}
574. okH1 LowTemp okH2 ~V2 ~l NoLeakH2 ~NoLeak NoLeakH1 {99, 85}
575. NoLeakH2 ~NoLeak okH1 NoLeakH1 {99, 87}
576. ~V1 LowTemp okH2 ~l NoLeakH2 ~NoLeak {100, 47}
577. okH2 NoLeakH2 ~NoLeak V1 {100, 74}
578. ~V1 okH1 LowTemp okH2 ~l NoLeakH2 ~NoLeak NoLeakH1 {100, 77}
579. okH2 NoLeakH2 ~NoLeak NoLeakH1 {100, 79}
580. ~V2 ~V1 ~NoLeak okH2 {100, 87}
581. ~V2 ~V1 ~NoLeak l {101, 10}
582. ~V1 ~V2 ReactorUnitSafe l ~NoLeak {101, 51}
583. ~V2 ~l LowTemp ReactorUnitSafe {101, 73}
584. ~V1 LowTemp ~V2 ~l NoLeakH1 {101, 79}
585. ~l LowTemp V2 {101, 83}
586. NoLeakH2 ~l LowTemp {101, 87}
587. okH1 LowTemp ~l ~NoLeak NoLeakH1 {101, 99}
588. ~V2 V1 {102, 74}
589. ~V2 NoLeakH1 {102, 79}
590. ~V1 V2 {102, 83}
591. ~V1 NoLeakH2 {102, 87}
592. okH1 ~V2 okH2 NoLeak ~l ~NoLeakH1 ~NoLeakH2 V1 {103, 30}
593. okH1 ~V2 NoLeak ~l ~NoLeakH1 ~NoLeakH2 V1 {103, 58}
594. ~V2 okH2 NoLeak ~l ~NoLeakH1 ~NoLeakH2 V1 {103, 60}
595. okH1 ~V2 okH2 NoLeak ~l ~NoLeakH1 ~NoLeakH2 {103, 62}
596. ~LowTemp ~NoLeak V1 {103, 74}
597. ~LowTemp ~NoLeak NoLeakH1 {103, 79}
598. okH2 ~l ReactorUnitSafe NoLeakH2 ~NoLeak {103, 90}
599. ~V1 okH1 okH2 ~l NoLeakH2 ~LowTemp NoLeakH1 {103, 91}
600. ~V2 ~NoLeak ReactorUnitSafe {103, 98}
601. ~LowTemp NoLeakH2 okH2 {103, 100}
602. ReactorUnitSafe ~V1 {104, 18}
603. ~V1 ~V2 ReactorUnitSafe l ~LowTemp {104, 26}
604. ReactorUnitSafe l ~NoLeak {104, 50}
605. ~V1 okH2 ReactorUnitSafe NoLeakH2 l ~LowTemp {104, 52}
606. ~V1 ~V2 ~l ReactorUnitSafe ~LowTemp NoLeakH1 {104, 79}
607. ReactorUnitSafe ~LowTemp ~l V2 {104, 83}
608. ReactorUnitSafe NoLeakH2 ~LowTemp ~l {104, 87}
609. ~V2 okH2 NoLeakH2 l ~LowTemp {105, 50}
610. ~V1 okH2 NoLeakH2 l ~LowTemp {105, 54}
611. ~V1 okH2 ~l NoLeakH2 ~NoLeak NoLeakH1 {105, 79}
612. ~V2 ~NoLeak okH2 ~l {105, 87}
613. okH1 okH2 NoLeak ~l ~NoLeakH1 ~NoLeakH2 V2 ~LowTemp {106, 19}
614. okH1 NoLeak ~l ~NoLeakH1 ~NoLeakH2 V2 ~LowTemp {106, 27}
615. okH2 NoLeak ~l ~NoLeakH1 ~NoLeakH2 V2 ~LowTemp {106, 28}
616. okH1 okH2 NoLeak ~l ~NoLeakH1 ~NoLeakH2 ~LowTemp {106, 30}
617. NoLeak ~l ~NoLeakH1 ~NoLeakH2 V2 ~LowTemp {106, 56}
618. okH1 NoLeak ~l ~NoLeakH1 ~NoLeakH2 ~LowTemp {106, 58}
619. okH2 NoLeak ~l ~NoLeakH1 ~NoLeakH2 ~LowTemp {106, 60}
620. ~NoLeak V2 {106, 83}
621. NoLeakH2 ~NoLeak {106, 87}
622. ReactorUnitSafe ~V1 ~l LowTemp {107, 73}
623. ~l V1 LowTemp {107, 74}
624. NoLeakH1 ~l LowTemp {107, 79}
625. ~V1 LowTemp ~V2 ~l NoLeakH2 {107, 87}
626. LowTemp okH2 ~l NoLeakH2 ~NoLeak {107, 100}
627. ~V1 okH1 okH2 NoLeak ~l ~NoLeakH1 ~NoLeakH2 V2 {108, 29}
628. ~V1 okH1 NoLeak ~l ~NoLeakH1 ~NoLeakH2 V2 {108, 57}
629. ~V1 okH2 NoLeak ~l ~NoLeakH1 ~NoLeakH2 V2 {108, 59}
630. ~V1 okH1 okH2 NoLeak ~l ~NoLeakH1 ~NoLeakH2 {108, 62}
631. okH1 ~l ReactorUnitSafe ~NoLeak NoLeakH1 {108, 82}
632. ~LowTemp ~NoLeak V2 {108, 83}
633. ~LowTemp NoLeakH2 ~NoLeak {108, 87}
634. okH1 ~V2 okH2 ~l NoLeakH2 ~LowTemp NoLeakH1 {108, 91}
635. ReactorUnitSafe ~V1 ~NoLeak {108, 98}
636. ~LowTemp okH1 NoLeakH1 {108, 99}
637. ~V2 ReactorUnitSafe {109, 18}
638. okH1 ~V2 ReactorUnitSafe l ~LowTemp NoLeakH1 {109, 45}
639. ~LowTemp V1 ~l ReactorUnitSafe {109, 74}
640. ~LowTemp ~l NoLeakH1 ReactorUnitSafe {109, 79}
641. ~V1 ~V2 ~l ReactorUnitSafe NoLeakH2 ~LowTemp {109, 87}
642. okH1 ~V2 l ~LowTemp NoLeakH1 {110, 50}
643. ~V1 okH1 l ~LowTemp NoLeakH1 {110, 54}
644. ~V1 ~NoLeak okH1 ~l {110, 79}
645. okH1 ~V2 ~l NoLeakH2 ~NoLeak NoLeakH1 {110, 87}
646. okH1 okH2 NoLeak ~l ~NoLeakH1 ~NoLeakH2 V1 ~LowTemp {111, 19}
647. okH1 NoLeak ~l ~NoLeakH1 ~NoLeakH2 V1 ~LowTemp {111, 27}
648. okH2 NoLeak ~l ~NoLeakH1 ~NoLeakH2 V1 ~LowTemp {111, 28}
649. NoLeak ~l ~NoLeakH1 ~NoLeakH2 V1 ~LowTemp {111, 56}
650. ~NoLeak V1 {111, 74}
651. ~NoLeak NoLeakH1 {111, 79}
652. ~V1 okH1 ~V2 l ~LowTemp NoLeakH1 {112, 26}
653. ~V1 okH1 ~V2 ~l ~LowTemp NoLeakH1 {112, 41}
654. ~V1 okH1 ~V2 ~l ~LowTemp {112, 79}
655. okH1 ~l V2 ~LowTemp NoLeakH1 {112, 83}
656. okH1 ~l NoLeakH2 ~LowTemp NoLeakH1 {112, 87}
657. ~V1 ~V2 okH2 NoLeakH2 l ~LowTemp {113, 25}
658. ~V1 ~V2 okH2 ~l NoLeakH2 ~LowTemp {113, 42}
659. okH2 ~l NoLeakH2 V1 ~LowTemp {113, 74}
660. okH2 ~l NoLeakH2 ~LowTemp NoLeakH1 {113, 79}
661. ~V1 ~V2 okH2 ~l ~LowTemp {113, 87}
662. ~LowTemp ~V2 V1 {114, 74}
663. ~LowTemp ~V2 NoLeakH1 {114, 79}
664. ~LowTemp ~V1 V2 {114, 83}
665. ~LowTemp ~V1 NoLeakH2 {114, 87}
666. ~LowTemp ~V1 l ~V2 {115, 26}
667. ~V1 ~V2 ~l ~LowTemp NoLeakH1 {115, 79}
668. ~LowTemp ~l V2 {115, 83}
669. ~LowTemp NoLeakH2 ~l {115, 87}
670. ~LowTemp V1 ~l {116, 74}
671. ~LowTemp ~l NoLeakH1 {116, 79}
672. ~V1 ~V2 ~l NoLeakH2 ~LowTemp {116, 87}
673. ReactorUnitSafe l ~LowTemp V1 {117, 5}
674. ReactorUnitSafe l ~LowTemp NoLeakH1 {117, 13}
675. okH1 okH2 ReactorUnitSafe NoLeakH2 ~LowTemp ~NoLeak NoLeakH1 {117, 52}
676. ReactorUnitSafe ~V2 okH1 NoLeakH1 {117, 54}
677. okH1 ~V2 ReactorUnitSafe V1 ~LowTemp ~NoLeak NoLeakH1 {117, 74}
678. ~V1 okH1 ReactorUnitSafe V2 ~LowTemp ~NoLeak NoLeakH1 {117, 83}
679. okH1 okH2 ~V2 ReactorUnitSafe NoLeakH2 l ~NoLeak NoLeakH1 {117, 84}
680. ~V1 okH1 okH2 ~V2 ReactorUnitSafe NoLeakH2 l ~NoLeak NoLeakH1 {117, 85}
681. ~V1 okH1 ReactorUnitSafe NoLeakH2 ~LowTemp ~NoLeak NoLeakH1 {117, 87}
682. ~V1 okH1 ~V2 ReactorUnitSafe l NoLeakH1 {117, 95}
683. ~V1 okH1 ReactorUnitSafe ~LowTemp NoLeakH1 {117, 97}
684. okH1 ~V2 okH2 ReactorUnitSafe NoLeakH2 ~LowTemp NoLeakH1 {117, 100}
685. ~V1 okH1 ReactorUnitSafe l ~NoLeak NoLeakH1 {117, 101}
686. okH1 ~V2 ReactorUnitSafe l ~NoLeak NoLeakH1 {117, 107}
687. ReactorUnitSafe ~V1 l ~V2 {118, 10}
688. ReactorUnitSafe l {118, 50}
689. okH1 okH2 NoLeak ReactorUnitSafe ~NoLeakH1 ~NoLeakH2 l V2 ~LowTemp {118, 61}
690. okH1 ~V2 okH2 NoLeak ReactorUnitSafe ~NoLeakH1 ~NoLeakH2 l ~LowTemp {118, 63}
691. ~V1 NoLeak ReactorUnitSafe ~NoLeakH1 ~NoLeakH2 l V2 {118, 64}
692. ~V1 okH1 NoLeak ReactorUnitSafe ~NoLeakH1 ~NoLeakH2 l {118, 66}
693. ~V1 okH2 NoLeak ReactorUnitSafe ~NoLeakH1 ~NoLeakH2 l {118, 67}
694. ~V1 okH1 ~V2 ~l ReactorUnitSafe NoLeakH1 {118, 81}
695. ~l ReactorUnitSafe V2 ~LowTemp ~NoLeak {118, 83}
696. ~V1 ~V2 okH2 ReactorUnitSafe NoLeakH2 ~NoLeak {118, 84}
697. ~l ReactorUnitSafe NoLeakH2 ~LowTemp ~NoLeak {118, 87}
698. ReactorUnitSafe NoLeakH2 okH2 ~l {118, 89}
699. ReactorUnitSafe ~V1 ~V2 ~l {118, 103}
700. ~V2 okH2 ReactorUnitSafe NoLeakH2 ~LowTemp {118, 105}
701. ReactorUnitSafe ~NoLeak okH1 NoLeakH1 {118, 112}
702. ReactorUnitSafe ~NoLeak {118, 115}
703. okH1 okH2 NoLeak ReactorUnitSafe ~NoLeakH1 ~NoLeakH2 V1 V2 {119, 17}
704. okH1 okH2 NoLeak ReactorUnitSafe ~NoLeakH1 l ~NoLeakH2 V1 V2 {119, 19}
705. okH1 NoLeak ReactorUnitSafe ~NoLeakH1 ~NoLeakH2 V1 V2 {119, 20}
706. okH2 NoLeak ReactorUnitSafe ~NoLeakH1 ~NoLeakH2 V1 V2 {119, 21}
707. okH1 okH2 NoLeak ReactorUnitSafe ~NoLeakH1 ~NoLeakH2 V2 {119, 22}
708. okH1 okH2 NoLeak ReactorUnitSafe ~NoLeakH1 ~NoLeakH2 V1 {119, 23}
709. okH1 NoLeak ReactorUnitSafe ~NoLeakH1 l ~NoLeakH2 V1 V2 {119, 27}
710. okH2 NoLeak ReactorUnitSafe ~NoLeakH1 l ~NoLeakH2 V1 V2 {119, 28}
711. okH1 okH2 NoLeak ReactorUnitSafe ~NoLeakH1 l ~NoLeakH2 V2 {119, 29}
712. okH1 okH2 NoLeak ReactorUnitSafe ~NoLeakH1 l ~NoLeakH2 V1 {119, 30}
713. NoLeak ReactorUnitSafe ~NoLeakH1 ~NoLeakH2 V1 V2 {119, 31}
714. okH1 NoLeak ReactorUnitSafe ~NoLeakH1 ~NoLeakH2 V2 {119, 32}
715. okH1 NoLeak ReactorUnitSafe ~NoLeakH1 ~NoLeakH2 V1 {119, 33}
716. okH2 NoLeak ReactorUnitSafe ~NoLeakH1 ~NoLeakH2 V2 {119, 34}
717. okH2 NoLeak ReactorUnitSafe ~NoLeakH1 ~NoLeakH2 V1 {119, 35}
718. okH1 okH2 NoLeak ReactorUnitSafe ~NoLeakH1 ~NoLeakH2 {119, 36}
719. NoLeak ReactorUnitSafe ~NoLeakH1 l ~NoLeakH2 V1 V2 {119, 56}
720. okH1 NoLeak ReactorUnitSafe ~NoLeakH1 l ~NoLeakH2 V2 {119, 57}
721. okH1 NoLeak ReactorUnitSafe ~NoLeakH1 l ~NoLeakH2 V1 {119, 58}
722. okH2 NoLeak ReactorUnitSafe ~NoLeakH1 l ~NoLeakH2 V2 {119, 59}
723. okH2 NoLeak ReactorUnitSafe ~NoLeakH1 l ~NoLeakH2 V1 {119, 60}
724. ~V1 okH1 okH2 NoLeak ReactorUnitSafe ~NoLeakH1 ~NoLeakH2 V2 ~LowTemp {119, 61}
725. okH1 okH2 NoLeak ReactorUnitSafe ~NoLeakH1 l ~NoLeakH2 {119, 62}
726. okH1 ~V2 okH2 NoLeak ReactorUnitSafe ~NoLeakH1 ~NoLeakH2 V1 ~LowTemp {119, 63}
727. NoLeak ReactorUnitSafe ~NoLeakH1 ~NoLeakH2 V2 {119, 64}
728. NoLeak ReactorUnitSafe ~NoLeakH1 ~NoLeakH2 V1 {119, 65}
729. okH1 NoLeak ReactorUnitSafe ~NoLeakH1 ~NoLeakH2 {119, 66}
730. okH2 NoLeak ReactorUnitSafe ~NoLeakH1 ~NoLeakH2 {119, 67}
731. ~V2 ReactorUnitSafe V1 ~LowTemp ~NoLeak {119, 74}
732. ~V2 ReactorUnitSafe ~LowTemp ~NoLeak NoLeakH1 {119, 79}
733. ~V1 ReactorUnitSafe V2 ~LowTemp ~NoLeak {119, 83}
734. ~V2 okH2 ReactorUnitSafe NoLeakH2 l ~NoLeak {119, 84}
735. ~V1 ReactorUnitSafe NoLeakH2 ~LowTemp ~NoLeak {119, 87}
736. ReactorUnitSafe ~NoLeak LowTemp {120, 9}
737. ~V1 LowTemp ~V2 ReactorUnitSafe ~NoLeak {120, 10}
738. ReactorUnitSafe ~V1 l LowTemp {120, 46}
739. ReactorUnitSafe ~V2 l LowTemp {120, 47}
740. ReactorUnitSafe ~V1 okH2 NoLeakH2 {120, 52}
741. okH1 LowTemp ReactorUnitSafe l NoLeakH1 {120, 76}
742. okH1 LowTemp ~V2 ReactorUnitSafe l NoLeakH1 {120, 77}
743. ~V1 LowTemp okH2 ~V2 ReactorUnitSafe NoLeakH2 l {120, 84}
744. LowTemp ~V2 okH2 ReactorUnitSafe NoLeakH2 l {120, 85}
745. ReactorUnitSafe NoLeakH2 l okH2 {120, 86}
746. ReactorUnitSafe l LowTemp {120, 101}
747. ~V1 LowTemp ~V2 ReactorUnitSafe l {120, 107}
748. okH1 LowTemp okH2 NoLeak ReactorUnitSafe ~NoLeakH1 ~NoLeakH2 l V2 {121, 9}
749. ~V1 okH1 LowTemp okH2 NoLeak ReactorUnitSafe ~NoLeakH1 ~NoLeakH2 l {121, 10}
750. ~V1 okH1 okH2 NoLeak ReactorUnitSafe ~NoLeakH1 ~NoLeakH2 l ~LowTemp {121, 54}
751. ~V1 okH1 okH2 NoLeak ~l ReactorUnitSafe ~NoLeakH1 ~NoLeakH2 ~LowTemp {121, 103}
752. okH1 okH2 NoLeak ~l ReactorUnitSafe ~NoLeakH1 ~NoLeakH2 V2 {121, 106}
753. okH1 okH2 NoLeak ~l ReactorUnitSafe ~NoLeakH1 ~NoLeakH2 V2 ~LowTemp {121, 108}
754. ~V1 okH1 okH2 NoLeak ~NoLeakH1 ~NoLeakH2 l V2 ~LowTemp {121, 119}
755. ~V1 okH1 ~V2 okH2 ~l ReactorUnitSafe NoLeakH2 ~LowTemp NoLeakH1 {122, 75}
756. ~V1 ~l ReactorUnitSafe ~LowTemp NoLeakH1 {122, 79}
757. ~V1 okH1 ~l ReactorUnitSafe ~NoLeak NoLeakH1 {122, 81}
758. ~V2 ~l ReactorUnitSafe NoLeakH2 ~LowTemp {122, 87}
759. ~V2 okH2 ~l ReactorUnitSafe NoLeakH2 ~NoLeak {122, 89}
760. okH1 ~V2 ~l ReactorUnitSafe ~LowTemp ~NoLeak NoLeakH1 {122, 99}
761. ~V1 okH2 ~l ReactorUnitSafe NoLeakH2 ~LowTemp ~NoLeak {122, 100}
762. okH1 LowTemp okH2 NoLeak ReactorUnitSafe ~NoLeakH1 ~NoLeakH2 V2 {123, 9}
763. okH1 LowTemp NoLeak ReactorUnitSafe ~NoLeakH1 ~NoLeakH2 l V2 {124, 9}
764. ~V1 okH1 LowTemp NoLeak ReactorUnitSafe ~NoLeakH1 ~NoLeakH2 l {124, 10}
765. okH1 NoLeak ReactorUnitSafe ~NoLeakH1 ~NoLeakH2 l V2 ~LowTemp {124, 50}
766. ~V1 okH1 NoLeak ReactorUnitSafe ~NoLeakH1 ~NoLeakH2 l ~LowTemp {124, 54}
767. ~V1 okH1 NoLeak ~l ReactorUnitSafe ~NoLeakH1 ~NoLeakH2 ~LowTemp {124, 103}
768. okH1 NoLeak ~l ReactorUnitSafe ~NoLeakH1 ~NoLeakH2 V2 {124, 106}
769. okH1 NoLeak ~l ReactorUnitSafe ~NoLeakH1 ~NoLeakH2 V2 ~LowTemp {124, 108}
770. ~V1 okH1 NoLeak ~l ReactorUnitSafe ~NoLeakH1 ~NoLeakH2 {124, 111}
771. ~V1 okH1 NoLeak ~NoLeakH1 ~NoLeakH2 l V2 ~LowTemp {124, 119}
772. LowTemp okH2 NoLeak ReactorUnitSafe ~NoLeakH1 ~NoLeakH2 l V2 {125, 9}
773. ~V1 LowTemp okH2 NoLeak ReactorUnitSafe ~NoLeakH1 ~NoLeakH2 l {125, 10}
774. okH2 NoLeak ReactorUnitSafe ~NoLeakH1 ~NoLeakH2 l V2 ~LowTemp {125, 50}
775. ~V1 okH2 NoLeak ReactorUnitSafe ~NoLeakH1 ~NoLeakH2 l ~LowTemp {125, 54}
776. ~V1 okH2 NoLeak ~l ReactorUnitSafe ~NoLeakH1 ~NoLeakH2 ~LowTemp {125, 103}
777. okH2 NoLeak ~l ReactorUnitSafe ~NoLeakH1 ~NoLeakH2 V2 {125, 106}
778. okH2 NoLeak ~l ReactorUnitSafe ~NoLeakH1 ~NoLeakH2 V2 ~LowTemp {125, 108}
779. ~V1 okH2 NoLeak ~l ReactorUnitSafe ~NoLeakH1 ~NoLeakH2 {125, 111}
780. ~V1 okH2 NoLeak ~NoLeakH1 ~NoLeakH2 l V2 ~LowTemp {125, 119}
781. okH1 LowTemp okH2 ~V2 NoLeak ~l ReactorUnitSafe ~NoLeakH1 ~NoLeakH2 {126, 8}
782. okH1 LowTemp okH2 NoLeak ReactorUnitSafe ~NoLeakH1 ~NoLeakH2 l {126, 9}
783. okH1 okH2 ~V2 NoLeak ~l ~NoLeakH1 ~NoLeakH2 ~LowTemp {126, 37}
784. okH1 okH2 ~V2 NoLeak ~l ReactorUnitSafe ~NoLeakH1 ~NoLeakH2 ~LowTemp {126, 43}
785. okH1 okH2 NoLeak ReactorUnitSafe ~NoLeakH1 ~NoLeakH2 l ~LowTemp {126, 50}
786. ~V1 okH1 okH2 ~V2 NoLeak ~NoLeakH1 ~NoLeakH2 l ~LowTemp {126, 51}
787. ~V1 okH1 okH2 ~V2 NoLeak ~l ~NoLeakH1 ~NoLeakH2 ~LowTemp {126, 71}
788. okH1 okH2 ~V2 NoLeak ReactorUnitSafe ~NoLeakH1 ~NoLeakH2 ~LowTemp {126, 95}
789. okH1 okH2 NoLeak ~l ReactorUnitSafe ~NoLeakH1 ~NoLeakH2 {126, 106}
790. okH1 okH2 NoLeak ~l ReactorUnitSafe ~NoLeakH1 ~NoLeakH2 ~LowTemp {126, 108}
791. ~V1 okH1 ~V2 okH2 ReactorUnitSafe NoLeakH2 l ~LowTemp NoLeakH1 {127, 52}
792. okH1 ~V2 ~l ReactorUnitSafe NoLeakH2 ~LowTemp NoLeakH1 {127, 87}
793. okH1 ~V2 okH2 ~l ReactorUnitSafe NoLeakH2 ~NoLeak NoLeakH1 {127, 89}
794. ~V1 okH1 ReactorUnitSafe l ~LowTemp ~NoLeak NoLeakH1 {127, 96}
795. okH1 ~V2 ReactorUnitSafe l ~LowTemp ~NoLeak NoLeakH1 {127, 97}
796. ~V1 okH1 okH2 ~l ReactorUnitSafe NoLeakH2 ~LowTemp ~NoLeak NoLeakH1 {127, 100}
797. ~V1 okH1 okH2 ReactorUnitSafe NoLeakH2 l ~LowTemp ~NoLeak NoLeakH1 {128, 91}
798. ~V1 okH2 ReactorUnitSafe NoLeakH2 l ~LowTemp ~NoLeak {128, 105}
799. ~V2 ~NoLeak V1 LowTemp {129, 10}
800. ~LowTemp l V1 {129, 18}
801. l V1 LowTemp {129, 46}
802. okH2 NoLeakH2 V1 {129, 52}
803. ~V2 l V1 {129, 53}
804. ~V2 ~NoLeak ~LowTemp V1 {129, 54}
805. okH1 ~V2 l V1 NoLeakH1 {129, 78}
806. okH1 ~V2 V1 ~LowTemp ~NoLeak NoLeakH1 {129, 81}
807. LowTemp okH2 ~V2 NoLeakH2 l V1 {129, 84}
808. okH2 ~V2 ReactorUnitSafe NoLeakH2 l V1 ~LowTemp {129, 90}
809. ~V2 okH2 NoLeakH2 V1 ~NoLeak {129, 100}
810. ~V2 l V1 LowTemp {129, 107}
811. ~V2 ReactorUnitSafe l V1 ~LowTemp {129, 109}
812. ~V2 okH2 NoLeakH2 l V1 ~LowTemp {129, 113}
813. ~V2 l ~LowTemp V1 {129, 116}
814. ~V2 ~NoLeak NoLeakH1 LowTemp {130, 13}
815. ~V1 okH1 ~V2 okH2 ~l ReactorUnitSafe NoLeakH2 ~NoLeak NoLeakH1 {130, 69}
816. ~V1 okH1 LowTemp ~l ReactorUnitSafe NoLeakH1 {130, 73}
817. okH1 LowTemp ~l V1 NoLeakH1 {130, 74}
818. ~V1 okH1 LowTemp ~V2 okH2 NoLeakH2 NoLeakH1 {130, 86}
819. ~V1 okH1 LowTemp ~V2 ~l NoLeakH2 NoLeakH1 {130, 87}
820. ~V1 okH1 ~V2 okH2 ~l NoLeakH2 ~NoLeak NoLeakH1 {130, 89}
821. ~V1 LowTemp ~V2 ~l ~NoLeak {130, 99}
822. okH1 LowTemp okH2 ~l NoLeakH2 ~NoLeak NoLeakH1 {130, 100}
823. ~V1 okH1 ~V2 ReactorUnitSafe ~NoLeak NoLeakH1 {130, 118}
824. ~V1 okH1 LowTemp ~V2 ReactorUnitSafe l NoLeakH1 {130, 120}
825. okH1 LowTemp ~V2 l V1 NoLeakH1 {130, 129}
826. okH1 okH2 NoLeakH2 l NoLeakH1 {131, 52}
827. okH1 ~V2 ~l V1 NoLeakH1 {131, 74}
828. ~V2 okH1 ~l {131, 79}
829. ~V1 okH1 ~l V2 NoLeakH1 {131, 83}
830. ~V1 okH1 ~l NoLeakH2 NoLeakH1 {131, 87}
831. okH1 okH2 ~l NoLeakH2 NoLeakH1 {131, 88}
832. okH1 ~V2 okH2 NoLeakH2 ~LowTemp NoLeakH1 {131, 113}
833. ~LowTemp ~V1 okH1 NoLeakH1 {131, 115}
834. ~V1 okH1 ReactorUnitSafe l NoLeakH1 {131, 120}
835. l V1 okH1 NoLeakH1 {131, 129}
836. l ~NoLeak ~okH1 {132, 4}
837. l okH1 V1 ~NoLeak {132, 5}
838. ~LowTemp l NoLeakH1 {132, 18}
839. ~V1 NoLeakH1 {132, 25}
840. ~V2 ~V1 l NoLeakH1 {132, 40}
841. l NoLeakH1 LowTemp {132, 46}
842. ~V1 LowTemp ~V2 l NoLeakH1 {132, 47}
843. ~V1 l NoLeakH1 {132, 48}
844. NoLeakH1 {132, 49}
845. okH2 NoLeakH2 NoLeakH1 {132, 52}
846. ~V2 l NoLeakH1 {132, 53}
847. ~V2 ~NoLeak ~LowTemp NoLeakH1 {132, 54}
848. ~V1 okH2 ReactorUnitSafe NoLeakH2 ~LowTemp ~NoLeak NoLeakH1 {132, 69}
849. ~V1 l okH1 LowTemp {132, 76}
850. ~V1 okH1 LowTemp ~V2 l {132, 77}
851. ~V2 l okH1 {132, 78}
852. ~V1 okH1 ReactorUnitSafe l ~LowTemp {132, 82}
853. LowTemp okH2 ~V2 NoLeakH2 l NoLeakH1 {132, 84}
854. ~V1 LowTemp okH2 ~V2 NoLeakH2 l NoLeakH1 {132, 85}
855. ~V1 okH2 NoLeakH2 l NoLeakH1 {132, 86}
856. ~V1 okH2 NoLeakH2 ~LowTemp ~NoLeak NoLeakH1 {132, 89}
857. okH2 ~V2 ReactorUnitSafe NoLeakH2 l ~LowTemp NoLeakH1 {132, 90}
858. ~V1 okH1 okH2 ~V2 NoLeakH2 l ~NoLeak {132, 91}
859. ~V1 NoLeakH1 LowTemp {132, 94}
860. ~V1 ~NoLeak NoLeakH1 {132, 97}
861. ~V2 okH2 NoLeakH2 ~NoLeak NoLeakH1 {132, 100}
862. ~V1 l NoLeakH1 LowTemp {132, 101}
863. ~V1 ReactorUnitSafe l ~LowTemp NoLeakH1 {132, 104}
864. ~V2 l NoLeakH1 LowTemp {132, 107}
865. ~V2 ReactorUnitSafe l ~LowTemp NoLeakH1 {132, 109}
866. ~V1 okH1 ~V2 l ~NoLeak {132, 110}
867. ~LowTemp ~V1 l okH1 {132, 112}
868. ~V2 okH2 NoLeakH2 l ~LowTemp NoLeakH1 {132, 113}
869. ~LowTemp ~V1 l NoLeakH1 {132, 115}
870. ~V2 l ~LowTemp NoLeakH1 {132, 116}
871. ReactorUnitSafe ~NoLeak ~LowTemp okH1 {132, 117}
872. ReactorUnitSafe ~V1 NoLeakH1 {132, 120}
873. ~V1 ~V2 ReactorUnitSafe l ~LowTemp NoLeakH1 {132, 122}
874. ~V1 okH1 ~V2 ReactorUnitSafe l ~LowTemp {132, 127}
875. V1 NoLeakH1 {132, 129}
876. ~V2 l okH1 LowTemp {132, 130}
877. l okH1 {132, 131}
878. okH1 okH2 NoLeakH2 ~LowTemp ~NoLeak NoLeakH1 {133, 52}
879. ~V1 okH1 V2 ~LowTemp ~NoLeak NoLeakH1 {133, 83}
880. ~V1 okH1 okH2 ~V2 NoLeakH2 l ~NoLeak NoLeakH1 {133, 85}
881. ~V1 okH1 NoLeakH2 ~LowTemp ~NoLeak NoLeakH1 {133, 87}
882. ReactorUnitSafe okH1 NoLeakH1 {133, 119}
883. ~LowTemp ~NoLeak okH1 {133, 132}
884. ~V1 okH1 ~V2 ~l ~NoLeak {134, 79}
885. ~V1 l okH1 ~NoLeak {134, 132}
886. okH1 ~l V1 ~NoLeak NoLeakH1 {135, 74}
887. ~NoLeak okH1 ~l {135, 79}
888. ~V2 l okH1 ~NoLeak {135, 132}
889. ~V1 okH1 ~V2 okH2 NoLeakH2 ~NoLeak NoLeakH1 {136, 52}
890. okH1 LowTemp okH2 NoLeakH2 l ~NoLeak NoLeakH1 {136, 85}
891. ~V1 okH1 okH2 NoLeakH2 l ~LowTemp ~NoLeak NoLeakH1 {136, 113}
892. okH1 ~V2 l ~LowTemp ~NoLeak NoLeakH1 {136, 115}
893. ~V1 okH1 l ~LowTemp ~NoLeak NoLeakH1 {136, 116}
894. ~V1 okH1 ~V2 okH2 NoLeakH2 l ~LowTemp NoLeakH1 {137, 52}
895. okH1 ~V2 ~l NoLeakH2 ~LowTemp NoLeakH1 {137, 87}
896. ~V1 okH1 ~V2 okH2 ~l NoLeakH2 ~LowTemp NoLeakH1 {137, 88}
897. ~V1 okH1 okH2 ~l NoLeakH2 ~LowTemp ~NoLeak NoLeakH1 {137, 100}
898. okH1 ~V2 ~l ~LowTemp ~NoLeak NoLeakH1 {137, 106}
899. ~V1 okH1 ~V2 l ~LowTemp {137, 132}
900. ~V1 okH1 LowTemp ReactorUnitSafe ~NoLeak NoLeakH1 {138, 73}
901. okH1 LowTemp V1 ~NoLeak NoLeakH1 {138, 74}
902. ~V1 okH1 LowTemp ~V2 NoLeakH2 ~NoLeak NoLeakH1 {138, 87}
903. ~V1 okH1 LowTemp ~V2 ReactorUnitSafe ~NoLeak NoLeakH1 {138, 120}
904. okH1 LowTemp ~V2 V1 ~NoLeak NoLeakH1 {138, 129}
905. LowTemp okH2 ~V2 ReactorUnitSafe NoLeakH2 ~NoLeak {139, 73}
906. ~V1 LowTemp okH2 ~V2 NoLeakH2 ~NoLeak NoLeakH1 {139, 79}
907. LowTemp okH2 NoLeakH2 V2 ~NoLeak {139, 83}
908. ~V1 LowTemp okH2 NoLeakH2 ~NoLeak NoLeakH1 {139, 132}
909. ReactorUnitSafe ~NoLeak ~l LowTemp {140, 73}
910. ~V1 LowTemp ~l ~NoLeak NoLeakH1 {140, 79}
911. LowTemp ~V2 ~l NoLeakH2 ~NoLeak {140, 87}
912. LowTemp ~V2 ReactorUnitSafe l ~NoLeak {140, 120}
913. okH1 LowTemp ~V2 okH2 NoLeak ReactorUnitSafe ~NoLeakH1 ~NoLeakH2 {140, 126}
914. ReactorUnitSafe ~V1 ~NoLeak LowTemp {141, 73}
915. ~NoLeak V1 LowTemp {141, 74}
916. NoLeakH1 ~NoLeak LowTemp {141, 79}
917. ~V1 okH1 LowTemp okH2 NoLeak ~l ReactorUnitSafe ~NoLeakH1 ~NoLeakH2 {141, 121}
918. ~V1 okH1 LowTemp NoLeak ~l ReactorUnitSafe ~NoLeakH1 ~NoLeakH2 {141, 124}
919. ~V1 LowTemp okH2 NoLeak ~l ReactorUnitSafe ~NoLeakH1 ~NoLeakH2 {141, 125}
920. ~V2 ~NoLeak LowTemp ReactorUnitSafe {142, 73}
921. ~NoLeak LowTemp V2 {142, 83}
922. NoLeakH2 ~NoLeak LowTemp {142, 87}
923. okH1 LowTemp okH2 NoLeak ~l ReactorUnitSafe ~NoLeakH1 ~NoLeakH2 V2 {142, 121}
924. okH1 LowTemp NoLeak ~l ReactorUnitSafe ~NoLeakH1 ~NoLeakH2 V2 {142, 124}
925. LowTemp okH2 NoLeak ~l ReactorUnitSafe ~NoLeakH1 ~NoLeakH2 V2 {142, 125}
926. okH1 LowTemp okH2 NoLeak ~l ReactorUnitSafe ~NoLeakH1 ~NoLeakH2 {142, 126}
927. ~V1 okH1 LowTemp V2 ~NoLeak NoLeakH1 {143, 83}
928. ~V1 okH1 LowTemp NoLeakH2 ~NoLeak NoLeakH1 {143, 87}
929. ~NoLeak okH1 LowTemp {143, 132}
930. ~V1 ~NoLeak LowTemp V2 {144, 7}
931. ~V1 ~NoLeak NoLeakH2 LowTemp {144, 12}
932. LowTemp okH2 ~V2 ~l ReactorUnitSafe NoLeakH2 {144, 73}
933. ~V1 LowTemp okH2 ~V2 ~l NoLeakH2 NoLeakH1 {144, 79}
934. LowTemp okH2 ~l NoLeakH2 V2 {144, 83}
935. ~V1 okH1 okH2 ReactorUnitSafe NoLeakH2 l ~NoLeak NoLeakH1 {144, 117}
936. ~V1 okH2 ReactorUnitSafe NoLeakH2 l ~NoLeak {144, 119}
937. LowTemp okH2 ReactorUnitSafe NoLeakH2 l {144, 120}
938. ~V1 LowTemp okH2 NoLeakH2 l NoLeakH1 {144, 132}
939. okH1 LowTemp ~V2 ReactorUnitSafe ~NoLeak NoLeakH1 {145, 73}
940. ~V1 okH1 LowTemp ~V2 ~NoLeak {145, 79}
941. okH1 LowTemp V2 ~NoLeak NoLeakH1 {145, 83}
942. okH1 LowTemp NoLeakH2 ~NoLeak NoLeakH1 {145, 87}
943. ~V1 LowTemp okH2 ReactorUnitSafe NoLeakH2 ~NoLeak {146, 73}
944. LowTemp okH2 NoLeakH2 V1 ~NoLeak {146, 74}
945. LowTemp okH2 NoLeakH2 ~NoLeak NoLeakH1 {146, 79}
946. ~V1 LowTemp ~V2 okH2 ~NoLeak {146, 87}
947. ~V1 ~V2 okH2 ~l ReactorUnitSafe NoLeakH2 {146, 118}
948. ~V1 LowTemp ~V2 okH2 ReactorUnitSafe NoLeakH2 ~NoLeak {146, 120}
949. LowTemp ~V2 okH2 NoLeakH2 V1 ~NoLeak {146, 129}
950. LowTemp ~V2 okH2 NoLeakH2 ~NoLeak NoLeakH1 {146, 132}
951. okH1 LowTemp okH2 NoLeakH2 l NoLeakH1 {147, 105}
952. ~V1 LowTemp ~V2 l ~NoLeak {147, 131}
953. ~V2 ~V1 NoLeakH2 LowTemp {148, 87}
954. ReactorUnitSafe ~V1 LowTemp {149, 120}
955. V1 LowTemp {149, 129}
956. NoLeakH1 LowTemp {149, 132}
957. ~V2 V1 ~l {150, 74}
958. ~V2 ~l NoLeakH1 {150, 79}
959. ~V1 ~l V2 {150, 83}
960. ~V1 NoLeakH2 ~l {150, 87}
961. ~V2 NoLeakH2 ~LowTemp okH2 {150, 113}
962. l V1 {150, 129}
963. l NoLeakH1 {150, 132}
964. ~V1 NoLeak ~NoLeakH1 ~NoLeakH2 l V2 {151, 64}
965. ~V1 okH1 NoLeak ~NoLeakH1 ~NoLeakH2 l {151, 66}
966. ~V1 okH2 NoLeak ~NoLeakH1 ~NoLeakH2 l {151, 67}
967. ~LowTemp ~NoLeak ~l V2 {151, 83}
968. ~LowTemp NoLeakH2 ~NoLeak ~l {151, 87}
969. okH1 NoLeak ReactorUnitSafe ~NoLeakH1 ~NoLeakH2 V2 ~LowTemp {151, 124}
970. okH2 NoLeak ReactorUnitSafe ~NoLeakH1 ~NoLeakH2 V2 ~LowTemp {151, 125}
971. okH1 okH2 NoLeak ReactorUnitSafe ~NoLeakH1 ~NoLeakH2 ~LowTemp {151, 126}
972. okH1 okH2 NoLeak ReactorUnitSafe ~NoLeakH1 ~NoLeakH2 V1 V2 ~LowTemp {152, 1}
973. Contradiction {152, 11}
Valid
